  test_AbstractPNN.cpp
C:\Users\maxim\source\repos\Neural_Network_library\Neural_Network_library\PNNOutputMode.h(3,1): error C2236: unexpected token 'enum'. Did you forget a ';'?
  (compiling source file 'test_AbstractPNN.cpp')
  
C:\Users\maxim\source\repos\Neural_Network_library\Neural_Network_library\PNNOutputMode.h(3,20): error C2059: syntax error: '{'
  (compiling source file 'test_AbstractPNN.cpp')
  
C:\Users\maxim\source\repos\Neural_Network_library\Neural_Network_library\PNNOutputMode.h(3,20): error C2143: syntax error: missing ';' before '{'
  (compiling source file 'test_AbstractPNN.cpp')
  
C:\Users\maxim\source\repos\Neural_Network_library\Neural_Network_library\PNNOutputMode.h(3,20): error C2447: '{': missing function header (old-style formal list?)
  (compiling source file 'test_AbstractPNN.cpp')
  
C:\Users\maxim\source\repos\Neural_Network_library\Neural_Network_library\AbstractPNN.h(18,9): error C2061: syntax error: identifier 'PNNOutputMode'
  (compiling source file 'test_AbstractPNN.cpp')
  
C:\Users\maxim\source\repos\Neural_Network_library\Neural_Network_Library_Test\test_AbstractPNN.cpp(6,1): warning C4003: not enough arguments for function-like macro invocation 'TEST'
C:\Users\maxim\source\repos\Neural_Network_library\Neural_Network_Library_Test\test_AbstractPNN.cpp(9,2): warning C4003: not enough arguments for function-like macro invocation 'ASSERT_NO_THROW'
C:\Users\maxim\source\repos\Neural_Network_library\Neural_Network_Library_Test\test_AbstractPNN.cpp(9,2): warning C4003: not enough arguments for function-like macro invocation 'GTEST_SUPPRESS_UNREACHABLE_CODE_WARNING_BELOW_'
